
** 2018-05-25 16:55:51.476103 **:
MarGo: MarGo build failed
cmd: `['', 'build', '-tags', '', '-v', '-o', 'gosublime.margo_r18.05.19-1_go?.exe', 'gosublime/cmd/margo']`
stdout: `

`
stderr: `

`
exception: `Cannot find command `go``
--------------------------------

** 2018-05-25 16:55:51.492146 **:
MarGo: Missing required environment variables: GOROOT
See the `Quirks` section of USAGE.md for info
--------------------------------

** 2018-05-25 17:32:04.980169 **:
GsComplete: Abort. Cannot start MarGo: Exception: Cannot find command `C:\_work\develop_kit\SublimeText3\Data\Packages\User\GoSublime\windows-x64\bin\gosublime.margo_r18.05.19-1_go?.exe`
--------------------------------

** 2018-05-25 17:32:06.683787 **:
GsComplete: Abort. Cannot start MarGo: Exception: Cannot find command `C:\_work\develop_kit\SublimeText3\Data\Packages\User\GoSublime\windows-x64\bin\gosublime.margo_r18.05.19-1_go?.exe`
--------------------------------

** 2018-05-25 17:32:08.532127 **:
GsComplete: Abort. Cannot start MarGo: Exception: Cannot find command `C:\_work\develop_kit\SublimeText3\Data\Packages\User\GoSublime\windows-x64\bin\gosublime.margo_r18.05.19-1_go?.exe`
--------------------------------

** 2018-05-25 17:32:08.794282 **:
GsComplete: Abort. Cannot start MarGo: Exception: Cannot find command `C:\_work\develop_kit\SublimeText3\Data\Packages\User\GoSublime\windows-x64\bin\gosublime.margo_r18.05.19-1_go?.exe`
--------------------------------

** 2018-05-25 17:32:09.150472 **:
GsComplete: Abort. Cannot start MarGo: Exception: Cannot find command `C:\_work\develop_kit\SublimeText3\Data\Packages\User\GoSublime\windows-x64\bin\gosublime.margo_r18.05.19-1_go?.exe`
--------------------------------

** 2018-05-25 17:32:14.844719 **:
GsComplete: Abort. Cannot start MarGo: Exception: Cannot find command `C:\_work\develop_kit\SublimeText3\Data\Packages\User\GoSublime\windows-x64\bin\gosublime.margo_r18.05.19-1_go?.exe`
--------------------------------

** 2018-05-25 17:32:15.886289 **:
GsComplete: Abort. Cannot start MarGo: Exception: Cannot find command `C:\_work\develop_kit\SublimeText3\Data\Packages\User\GoSublime\windows-x64\bin\gosublime.margo_r18.05.19-1_go?.exe`
--------------------------------

** 2018-05-25 17:32:16.278824 **:
GsComplete: Abort. Cannot start MarGo: Exception: Cannot find command `C:\_work\develop_kit\SublimeText3\Data\Packages\User\GoSublime\windows-x64\bin\gosublime.margo_r18.05.19-1_go?.exe`
--------------------------------

** 2018-05-25 17:32:16.403287 **:
GsComplete: Abort. Cannot start MarGo: Exception: Cannot find command `C:\_work\develop_kit\SublimeText3\Data\Packages\User\GoSublime\windows-x64\bin\gosublime.margo_r18.05.19-1_go?.exe`
--------------------------------

** 2018-05-25 17:32:16.620813 **:
GsComplete: Abort. Cannot start MarGo: Exception: Cannot find command `C:\_work\develop_kit\SublimeText3\Data\Packages\User\GoSublime\windows-x64\bin\gosublime.margo_r18.05.19-1_go?.exe`
--------------------------------

** 2018-05-25 17:32:29.981227 **:
GsComplete: Abort. Cannot start MarGo: Exception: Cannot find command `C:\_work\develop_kit\SublimeText3\Data\Packages\User\GoSublime\windows-x64\bin\gosublime.margo_r18.05.19-1_go?.exe`
--------------------------------

** 2018-05-25 17:32:30.322314 **:
GsComplete: Abort. Cannot start MarGo: Exception: Cannot find command `C:\_work\develop_kit\SublimeText3\Data\Packages\User\GoSublime\windows-x64\bin\gosublime.margo_r18.05.19-1_go?.exe`
--------------------------------

** 2018-05-25 17:32:31.072917 **:
GsComplete: Abort. Cannot start MarGo: Exception: Cannot find command `C:\_work\develop_kit\SublimeText3\Data\Packages\User\GoSublime\windows-x64\bin\gosublime.margo_r18.05.19-1_go?.exe`
--------------------------------

** 2018-05-25 17:32:31.606295 **:
GsComplete: Abort. Cannot start MarGo: Exception: Cannot find command `C:\_work\develop_kit\SublimeText3\Data\Packages\User\GoSublime\windows-x64\bin\gosublime.margo_r18.05.19-1_go?.exe`
--------------------------------

** 2018-05-25 17:32:36.606330 **:
GsComplete: Abort. Cannot start MarGo: Exception: Cannot find command `C:\_work\develop_kit\SublimeText3\Data\Packages\User\GoSublime\windows-x64\bin\gosublime.margo_r18.05.19-1_go?.exe`
--------------------------------

** 2018-05-25 17:32:37.545205 **:
GsComplete: Abort. Cannot start MarGo: Exception: Cannot find command `C:\_work\develop_kit\SublimeText3\Data\Packages\User\GoSublime\windows-x64\bin\gosublime.margo_r18.05.19-1_go?.exe`
--------------------------------

** 2018-05-25 17:32:42.076227 **:
GsComplete: Abort. Cannot start MarGo: Exception: Cannot find command `C:\_work\develop_kit\SublimeText3\Data\Packages\User\GoSublime\windows-x64\bin\gosublime.margo_r18.05.19-1_go?.exe`
--------------------------------

** 2018-05-25 17:32:45.294897 **:
GsComplete: Abort. Cannot start MarGo: Exception: Cannot find command `C:\_work\develop_kit\SublimeText3\Data\Packages\User\GoSublime\windows-x64\bin\gosublime.margo_r18.05.19-1_go?.exe`
--------------------------------

** 2018-05-25 17:33:03.477908 **:
GsComplete: Abort. Cannot start MarGo: Exception: Cannot find command `C:\_work\develop_kit\SublimeText3\Data\Packages\User\GoSublime\windows-x64\bin\gosublime.margo_r18.05.19-1_go?.exe`
--------------------------------

** 2018-05-25 17:33:07.464171 **:
GsComplete: Abort. Cannot start MarGo: Exception: Cannot find command `C:\_work\develop_kit\SublimeText3\Data\Packages\User\GoSublime\windows-x64\bin\gosublime.margo_r18.05.19-1_go?.exe`
--------------------------------

** 2018-05-25 17:33:08.230904 **:
GsComplete: Abort. Cannot start MarGo: Exception: Cannot find command `C:\_work\develop_kit\SublimeText3\Data\Packages\User\GoSublime\windows-x64\bin\gosublime.margo_r18.05.19-1_go?.exe`
--------------------------------

** 2018-05-25 17:33:10.260319 **:
GsComplete: Abort. Cannot start MarGo: Exception: Cannot find command `C:\_work\develop_kit\SublimeText3\Data\Packages\User\GoSublime\windows-x64\bin\gosublime.margo_r18.05.19-1_go?.exe`
--------------------------------

** 2018-05-25 17:33:14.666973 **:
GsComplete: Abort. Cannot start MarGo: Exception: Cannot find command `C:\_work\develop_kit\SublimeText3\Data\Packages\User\GoSublime\windows-x64\bin\gosublime.margo_r18.05.19-1_go?.exe`
--------------------------------

** 2018-05-25 17:33:19.466094 **:
GsComplete: Abort. Cannot start MarGo: Exception: Cannot find command `C:\_work\develop_kit\SublimeText3\Data\Packages\User\GoSublime\windows-x64\bin\gosublime.margo_r18.05.19-1_go?.exe`
--------------------------------

** 2018-05-25 17:33:19.557837 **:
GsComplete: Abort. Cannot start MarGo: Exception: Cannot find command `C:\_work\develop_kit\SublimeText3\Data\Packages\User\GoSublime\windows-x64\bin\gosublime.margo_r18.05.19-1_go?.exe`
--------------------------------

** 2018-05-25 17:33:19.715388 **:
GsComplete: Abort. Cannot start MarGo: Exception: Cannot find command `C:\_work\develop_kit\SublimeText3\Data\Packages\User\GoSublime\windows-x64\bin\gosublime.margo_r18.05.19-1_go?.exe`
--------------------------------

** 2018-05-25 17:33:19.918594 **:
GsComplete: Abort. Cannot start MarGo: Exception: Cannot find command `C:\_work\develop_kit\SublimeText3\Data\Packages\User\GoSublime\windows-x64\bin\gosublime.margo_r18.05.19-1_go?.exe`
--------------------------------

** 2018-05-25 17:33:20.028217 **:
GsComplete: Abort. Cannot start MarGo: Exception: Cannot find command `C:\_work\develop_kit\SublimeText3\Data\Packages\User\GoSublime\windows-x64\bin\gosublime.margo_r18.05.19-1_go?.exe`
--------------------------------

** 2018-05-25 17:33:20.526105 **:
GsComplete: Abort. Cannot start MarGo: Exception: Cannot find command `C:\_work\develop_kit\SublimeText3\Data\Packages\User\GoSublime\windows-x64\bin\gosublime.margo_r18.05.19-1_go?.exe`
--------------------------------

** 2018-05-25 17:33:23.245614 **:
GsComplete: Abort. Cannot start MarGo: Exception: Cannot find command `C:\_work\develop_kit\SublimeText3\Data\Packages\User\GoSublime\windows-x64\bin\gosublime.margo_r18.05.19-1_go?.exe`
--------------------------------

** 2018-05-25 17:33:23.339864 **:
GsComplete: Abort. Cannot start MarGo: Exception: Cannot find command `C:\_work\develop_kit\SublimeText3\Data\Packages\User\GoSublime\windows-x64\bin\gosublime.margo_r18.05.19-1_go?.exe`
--------------------------------

** 2018-05-25 17:33:23.701501 **:
GsComplete: Abort. Cannot start MarGo: Exception: Cannot find command `C:\_work\develop_kit\SublimeText3\Data\Packages\User\GoSublime\windows-x64\bin\gosublime.margo_r18.05.19-1_go?.exe`
--------------------------------

** 2018-05-25 17:33:23.854652 **:
GsComplete: Abort. Cannot start MarGo: Exception: Cannot find command `C:\_work\develop_kit\SublimeText3\Data\Packages\User\GoSublime\windows-x64\bin\gosublime.margo_r18.05.19-1_go?.exe`
--------------------------------

** 2018-05-25 17:33:23.948960 **:
GsComplete: Abort. Cannot start MarGo: Exception: Cannot find command `C:\_work\develop_kit\SublimeText3\Data\Packages\User\GoSublime\windows-x64\bin\gosublime.margo_r18.05.19-1_go?.exe`
--------------------------------

** 2018-05-25 17:33:24.089365 **:
GsComplete: Abort. Cannot start MarGo: Exception: Cannot find command `C:\_work\develop_kit\SublimeText3\Data\Packages\User\GoSublime\windows-x64\bin\gosublime.margo_r18.05.19-1_go?.exe`
--------------------------------

** 2018-05-25 17:36:40.045785 **:
GsComplete: Abort. Cannot start MarGo: Exception: Cannot find command `C:\_work\develop_kit\SublimeText3\Data\Packages\User\GoSublime\windows-x64\bin\gosublime.margo_r18.05.19-1_go?.exe`
--------------------------------

** 2018-05-25 17:36:58.104906 **:
GsComplete: Abort. Cannot start MarGo: Exception: Cannot find command `C:\_work\develop_kit\SublimeText3\Data\Packages\User\GoSublime\windows-x64\bin\gosublime.margo_r18.05.19-1_go?.exe`
--------------------------------

** 2018-05-25 17:36:59.543720 **:
GsComplete: Abort. Cannot start MarGo: Exception: Cannot find command `C:\_work\develop_kit\SublimeText3\Data\Packages\User\GoSublime\windows-x64\bin\gosublime.margo_r18.05.19-1_go?.exe`
--------------------------------

** 2018-05-25 17:37:07.260405 **:
GsComplete: Abort. Cannot start MarGo: Exception: Cannot find command `C:\_work\develop_kit\SublimeText3\Data\Packages\User\GoSublime\windows-x64\bin\gosublime.margo_r18.05.19-1_go?.exe`
--------------------------------

** 2018-05-25 17:37:07.588518 **:
GsComplete: Abort. Cannot start MarGo: Exception: Cannot find command `C:\_work\develop_kit\SublimeText3\Data\Packages\User\GoSublime\windows-x64\bin\gosublime.margo_r18.05.19-1_go?.exe`
--------------------------------

** 2018-05-25 17:37:08.889354 **:
GsComplete: Abort. Cannot start MarGo: Exception: Cannot find command `C:\_work\develop_kit\SublimeText3\Data\Packages\User\GoSublime\windows-x64\bin\gosublime.margo_r18.05.19-1_go?.exe`
--------------------------------

** 2018-05-25 17:37:09.213551 **:
GsComplete: Abort. Cannot start MarGo: Exception: Cannot find command `C:\_work\develop_kit\SublimeText3\Data\Packages\User\GoSublime\windows-x64\bin\gosublime.margo_r18.05.19-1_go?.exe`
--------------------------------

** 2018-05-25 17:37:09.385392 **:
GsComplete: Abort. Cannot start MarGo: Exception: Cannot find command `C:\_work\develop_kit\SublimeText3\Data\Packages\User\GoSublime\windows-x64\bin\gosublime.margo_r18.05.19-1_go?.exe`
--------------------------------

** 2018-05-25 17:37:09.542734 **:
GsComplete: Abort. Cannot start MarGo: Exception: Cannot find command `C:\_work\develop_kit\SublimeText3\Data\Packages\User\GoSublime\windows-x64\bin\gosublime.margo_r18.05.19-1_go?.exe`
--------------------------------

** 2018-05-25 17:37:11.435431 **:
GsComplete: Abort. Cannot start MarGo: Exception: Cannot find command `C:\_work\develop_kit\SublimeText3\Data\Packages\User\GoSublime\windows-x64\bin\gosublime.margo_r18.05.19-1_go?.exe`
--------------------------------

** 2018-05-25 17:37:11.979795 **:
GsComplete: Abort. Cannot start MarGo: Exception: Cannot find command `C:\_work\develop_kit\SublimeText3\Data\Packages\User\GoSublime\windows-x64\bin\gosublime.margo_r18.05.19-1_go?.exe`
--------------------------------

** 2018-05-25 17:37:41.762090 **:
GsComplete: Abort. Cannot start MarGo: Exception: Cannot find command `C:\_work\develop_kit\SublimeText3\Data\Packages\User\GoSublime\windows-x64\bin\gosublime.margo_r18.05.19-1_go?.exe`
--------------------------------

** 2018-05-25 17:37:41.948842 **:
GsComplete: Abort. Cannot start MarGo: Exception: Cannot find command `C:\_work\develop_kit\SublimeText3\Data\Packages\User\GoSublime\windows-x64\bin\gosublime.margo_r18.05.19-1_go?.exe`
--------------------------------

** 2018-05-25 17:37:44.058050 **:
GsComplete: Abort. Cannot start MarGo: Exception: Cannot find command `C:\_work\develop_kit\SublimeText3\Data\Packages\User\GoSublime\windows-x64\bin\gosublime.margo_r18.05.19-1_go?.exe`
--------------------------------

** 2018-05-25 17:37:44.165836 **:
GsComplete: Abort. Cannot start MarGo: Exception: Cannot find command `C:\_work\develop_kit\SublimeText3\Data\Packages\User\GoSublime\windows-x64\bin\gosublime.margo_r18.05.19-1_go?.exe`
--------------------------------

** 2018-05-25 17:37:44.371602 **:
GsComplete: Abort. Cannot start MarGo: Exception: Cannot find command `C:\_work\develop_kit\SublimeText3\Data\Packages\User\GoSublime\windows-x64\bin\gosublime.margo_r18.05.19-1_go?.exe`
--------------------------------

** 2018-05-25 17:37:44.499118 **:
GsComplete: Abort. Cannot start MarGo: Exception: Cannot find command `C:\_work\develop_kit\SublimeText3\Data\Packages\User\GoSublime\windows-x64\bin\gosublime.margo_r18.05.19-1_go?.exe`
--------------------------------

** 2018-05-25 17:37:45.795173 **:
GsComplete: Abort. Cannot start MarGo: Exception: Cannot find command `C:\_work\develop_kit\SublimeText3\Data\Packages\User\GoSublime\windows-x64\bin\gosublime.margo_r18.05.19-1_go?.exe`
--------------------------------

** 2018-05-25 17:37:46.573505 **:
GsComplete: Abort. Cannot start MarGo: Exception: Cannot find command `C:\_work\develop_kit\SublimeText3\Data\Packages\User\GoSublime\windows-x64\bin\gosublime.margo_r18.05.19-1_go?.exe`
--------------------------------

** 2018-05-25 17:37:46.765656 **:
GsComplete: Abort. Cannot start MarGo: Exception: Cannot find command `C:\_work\develop_kit\SublimeText3\Data\Packages\User\GoSublime\windows-x64\bin\gosublime.margo_r18.05.19-1_go?.exe`
--------------------------------

** 2018-05-25 17:37:47.919236 **:
GsComplete: Abort. Cannot start MarGo: Exception: Cannot find command `C:\_work\develop_kit\SublimeText3\Data\Packages\User\GoSublime\windows-x64\bin\gosublime.margo_r18.05.19-1_go?.exe`
--------------------------------

** 2018-05-25 17:37:48.479646 **:
GsComplete: Abort. Cannot start MarGo: Exception: Cannot find command `C:\_work\develop_kit\SublimeText3\Data\Packages\User\GoSublime\windows-x64\bin\gosublime.margo_r18.05.19-1_go?.exe`
--------------------------------

** 2018-05-25 17:47:03.431654 **:
GsComplete: Abort. Cannot start MarGo: Exception: Cannot find command `C:\_work\develop_kit\SublimeText3\Data\Packages\User\GoSublime\windows-x64\bin\gosublime.margo_r18.05.19-1_go?.exe`
--------------------------------

** 2018-05-25 17:47:16.761698 **:
GsComplete: Abort. Cannot start MarGo: Exception: Cannot find command `C:\_work\develop_kit\SublimeText3\Data\Packages\User\GoSublime\windows-x64\bin\gosublime.margo_r18.05.19-1_go?.exe`
--------------------------------

** 2018-05-25 17:47:17.185157 **:
GsComplete: Abort. Cannot start MarGo: Exception: Cannot find command `C:\_work\develop_kit\SublimeText3\Data\Packages\User\GoSublime\windows-x64\bin\gosublime.margo_r18.05.19-1_go?.exe`
--------------------------------

** 2018-05-25 17:48:17.933023 **:
GsComplete: Blocking call(gocode_complete) aborted: Install is not done
--------------------------------

** 2018-05-25 17:48:18.252873 **:
GsComplete: Blocking call(gocode_complete) aborted: Install is not done
--------------------------------

** 2018-05-25 17:48:18.418814 **:
GsComplete: Blocking call(gocode_complete) aborted: Install is not done
--------------------------------

** 2018-05-25 17:48:20.690350 **:
GsComplete: Blocking call(gocode_complete) aborted: Install is not done
--------------------------------

** 2018-05-25 17:48:21.502007 **:
GsComplete: Blocking call(gocode_complete) aborted: Install is not done
--------------------------------

** 2018-05-25 17:48:22.248991 **:
GsComplete: Blocking call(gocode_complete) aborted: Install is not done
--------------------------------

** 2018-05-25 17:48:23.151891 **:
GsComplete: Blocking call(gocode_complete) aborted: Install is not done
--------------------------------
Gocode pkg: "mathapp"
Gocode env: gocode.margoEnv{LibPath:"C:\\_work\\language_kit\\go\\pkg\\windows_amd64;C:\\_work\\language_kit\\mygo\\pkg\\windows_amd64", GOOS:"windows", GOARCH:"amd64", Compiler:"gc", GOROOT:"C:\\_work\\language_kit\\go", GOPATH:"C:\\_work\\language_kit\\mygo", InstallSuffix:""}
Gocode pkg: "test"

** 2018-05-31 23:32:07.472396 **:
MarGo: MarGo build failed
cmd: `['', 'build', '-tags', '', '-v', '-o', 'gosublime.margo_r18.05.19-1_go?.exe', 'gosublime/cmd/margo']`
stdout: `

`
stderr: `

`
exception: `Cannot find command `go``
--------------------------------

** 2018-05-31 23:32:07.496959 **:
MarGo: Missing required environment variables: GOROOT
See the `Quirks` section of USAGE.md for info
--------------------------------

** 2018-06-02 14:20:23.585680 **:
MarGo: MarGo build failed
cmd: `['', 'build', '-tags', '', '-v', '-o', 'gosublime.margo_r18.05.19-1_go?.exe', 'gosublime/cmd/margo']`
stdout: `

`
stderr: `

`
exception: `Cannot find command `go``
--------------------------------

** 2018-06-02 14:20:24.037500 **:
MarGo: Missing required environment variables: GOROOT
See the `Quirks` section of USAGE.md for info
--------------------------------

** 2018-06-03 19:10:16.055101 **:
MarGo: MarGo build failed
cmd: `['', 'build', '-tags', '', '-v', '-o', 'gosublime.margo_r18.05.19-1_go?.exe', 'gosublime/cmd/margo']`
stdout: `

`
stderr: `

`
exception: `Cannot find command `go``
--------------------------------

** 2018-06-03 19:10:16.118771 **:
MarGo: Missing required environment variables: GOROOT
See the `Quirks` section of USAGE.md for info
--------------------------------

** 2018-06-03 21:11:49.941907 **:
MarGo: MarGo build failed
cmd: `['', 'build', '-tags', '', '-v', '-o', 'gosublime.margo_r18.05.19-1_go?.exe', 'gosublime/cmd/margo']`
stdout: `

`
stderr: `

`
exception: `Cannot find command `go``
--------------------------------

** 2018-06-03 21:11:50.067087 **:
MarGo: Missing required environment variables: GOROOT
See the `Quirks` section of USAGE.md for info
--------------------------------

** 2018-06-03 23:50:49.643642 **:
MarGo: MarGo build failed
cmd: `['', 'build', '-tags', '', '-v', '-o', 'gosublime.margo_r18.05.19-1_go?.exe', 'gosublime/cmd/margo']`
stdout: `

`
stderr: `

`
exception: `Cannot find command `go``
--------------------------------

** 2018-06-03 23:50:49.746527 **:
MarGo: Missing required environment variables: GOROOT
See the `Quirks` section of USAGE.md for info
--------------------------------

** 2018-06-04 22:54:11.763460 **:
MarGo: MarGo build failed
cmd: `['', 'build', '-tags', '', '-v', '-o', 'gosublime.margo_r18.05.19-1_go?.exe', 'gosublime/cmd/margo']`
stdout: `

`
stderr: `

`
exception: `Cannot find command `go``
--------------------------------

** 2018-06-04 22:54:11.889929 **:
MarGo: Missing required environment variables: GOROOT
See the `Quirks` section of USAGE.md for info
--------------------------------

** 2018-06-06 10:57:51.063546 **:
MarGo: MarGo build failed
cmd: `['', 'build', '-tags', '', '-v', '-o', 'gosublime.margo_r18.05.19-1_go?.exe', 'gosublime/cmd/margo']`
stdout: `

`
stderr: `

`
exception: `Cannot find command `go``
--------------------------------

** 2018-06-06 10:57:51.109419 **:
MarGo: Missing required environment variables: GOROOT
See the `Quirks` section of USAGE.md for info
--------------------------------

** 2018-06-07 08:19:16.720140 **:
MarGo: MarGo build failed
cmd: `['', 'build', '-tags', '', '-v', '-o', 'gosublime.margo_r18.05.19-1_go?.exe', 'gosublime/cmd/margo']`
stdout: `

`
stderr: `

`
exception: `Cannot find command `go``
--------------------------------

** 2018-06-07 08:19:16.741171 **:
MarGo: Missing required environment variables: GOROOT
See the `Quirks` section of USAGE.md for info
--------------------------------

** 2018-06-07 19:13:52.154270 **:
MarGo: MarGo build failed
cmd: `['', 'build', '-tags', '', '-v', '-o', 'gosublime.margo_r18.05.19-1_go?.exe', 'gosublime/cmd/margo']`
stdout: `

`
stderr: `

`
exception: `Cannot find command `go``
--------------------------------

** 2018-06-07 19:13:52.251642 **:
MarGo: Missing required environment variables: GOROOT
See the `Quirks` section of USAGE.md for info
--------------------------------

** 2018-06-07 22:57:33.238745 **:
MarGo: MarGo build failed
cmd: `['', 'build', '-tags', '', '-v', '-o', 'gosublime.margo_r18.05.19-1_go?.exe', 'gosublime/cmd/margo']`
stdout: `

`
stderr: `

`
exception: `Cannot find command `go``
--------------------------------

** 2018-06-07 22:57:33.255311 **:
MarGo: Missing required environment variables: GOROOT
See the `Quirks` section of USAGE.md for info
--------------------------------

** 2018-06-09 11:27:42.745497 **:
MarGo: MarGo build failed
cmd: `['', 'build', '-tags', '', '-v', '-o', 'gosublime.margo_r18.05.19-1_go?.exe', 'gosublime/cmd/margo']`
stdout: `

`
stderr: `

`
exception: `Cannot find command `go``
--------------------------------

** 2018-06-09 11:27:42.792355 **:
MarGo: Missing required environment variables: GOROOT
See the `Quirks` section of USAGE.md for info
--------------------------------

** 2018-06-11 23:19:53.321379 **:
MarGo: MarGo build failed
cmd: `['', 'build', '-tags', '', '-v', '-o', 'gosublime.margo_r18.05.19-1_go?.exe', 'gosublime/cmd/margo']`
stdout: `

`
stderr: `

`
exception: `Cannot find command `go``
--------------------------------

** 2018-06-11 23:19:53.368240 **:
MarGo: Missing required environment variables: GOROOT
See the `Quirks` section of USAGE.md for info
--------------------------------

** 2018-06-13 20:51:13.268147 **:
MarGo: MarGo build failed
cmd: `['', 'build', '-tags', '', '-v', '-o', 'gosublime.margo_r18.05.19-1_go?.exe', 'gosublime/cmd/margo']`
stdout: `

`
stderr: `

`
exception: `Cannot find command `go``
--------------------------------

** 2018-06-13 20:51:13.291183 **:
MarGo: Missing required environment variables: GOROOT
See the `Quirks` section of USAGE.md for info
--------------------------------

** 2018-06-17 13:56:11.113128 **:
MarGo: MarGo build failed
cmd: `['', 'build', '-tags', '', '-v', '-o', 'gosublime.margo_r18.05.19-1_go?.exe', 'gosublime/cmd/margo']`
stdout: `

`
stderr: `

`
exception: `Cannot find command `go``
--------------------------------

** 2018-06-17 13:56:11.506456 **:
MarGo: Missing required environment variables: GOROOT
See the `Quirks` section of USAGE.md for info
--------------------------------

** 2018-06-23 21:07:20.635059 **:
MarGo: MarGo build failed
cmd: `['', 'build', '-tags', '', '-v', '-o', 'gosublime.margo_r18.05.19-1_go?.exe', 'gosublime/cmd/margo']`
stdout: `

`
stderr: `

`
exception: `Cannot find command `go``
--------------------------------

** 2018-06-23 21:07:20.767704 **:
MarGo: Missing required environment variables: GOROOT
See the `Quirks` section of USAGE.md for info
--------------------------------

** 2018-06-23 21:11:18.914307 **:
MarGo: MarGo build failed
cmd: `['', 'build', '-tags', '', '-v', '-o', 'gosublime.margo_r18.05.19-1_go?.exe', 'gosublime/cmd/margo']`
stdout: `

`
stderr: `

`
exception: `Cannot find command `go``
--------------------------------

** 2018-06-23 21:11:18.937246 **:
MarGo: Missing required environment variables: GOROOT
See the `Quirks` section of USAGE.md for info
--------------------------------

** 2018-06-24 11:11:30.220913 **:
MarGo: MarGo build failed
cmd: `['', 'build', '-tags', '', '-v', '-o', 'gosublime.margo_r18.05.19-1_go?.exe', 'gosublime/cmd/margo']`
stdout: `

`
stderr: `

`
exception: `Cannot find command `go``
--------------------------------

** 2018-06-24 11:11:30.252170 **:
MarGo: Missing required environment variables: GOROOT
See the `Quirks` section of USAGE.md for info
--------------------------------

** 2018-06-24 14:18:53.639560 **:
MarGo: MarGo build failed
cmd: `['', 'build', '-tags', '', '-v', '-o', 'gosublime.margo_r18.05.19-1_go?.exe', 'gosublime/cmd/margo']`
stdout: `

`
stderr: `

`
exception: `Cannot find command `go``
--------------------------------

** 2018-06-24 14:18:53.663987 **:
MarGo: Missing required environment variables: GOROOT
See the `Quirks` section of USAGE.md for info
--------------------------------

** 2018-06-24 18:30:58.515952 **:
MarGo: MarGo build failed
cmd: `['', 'build', '-tags', '', '-v', '-o', 'gosublime.margo_r18.05.19-1_go?.exe', 'gosublime/cmd/margo']`
stdout: `

`
stderr: `

`
exception: `Cannot find command `go``
--------------------------------

** 2018-06-24 18:30:58.543280 **:
MarGo: Missing required environment variables: GOROOT
See the `Quirks` section of USAGE.md for info
--------------------------------

** 2018-06-24 19:05:00.234064 **:
MarGo: MarGo build failed
cmd: `['', 'build', '-tags', '', '-v', '-o', 'gosublime.margo_r18.05.19-1_go?.exe', 'gosublime/cmd/margo']`
stdout: `

`
stderr: `

`
exception: `Cannot find command `go``
--------------------------------

** 2018-06-24 19:05:00.254559 **:
MarGo: Missing required environment variables: GOROOT
See the `Quirks` section of USAGE.md for info
--------------------------------

** 2018-06-25 23:17:52.222514 **:
MarGo: MarGo build failed
cmd: `['', 'build', '-tags', '', '-v', '-o', 'gosublime.margo_r18.05.19-1_go?.exe', 'gosublime/cmd/margo']`
stdout: `

`
stderr: `

`
exception: `Cannot find command `go``
--------------------------------

** 2018-06-25 23:17:52.270338 **:
MarGo: Missing required environment variables: GOROOT
See the `Quirks` section of USAGE.md for info
--------------------------------

** 2018-06-26 21:07:31.395109 **:
MarGo: MarGo build failed
cmd: `['', 'build', '-tags', '', '-v', '-o', 'gosublime.margo_r18.05.19-1_go?.exe', 'gosublime/cmd/margo']`
stdout: `

`
stderr: `

`
exception: `Cannot find command `go``
--------------------------------

** 2018-06-26 21:07:31.414789 **:
MarGo: Missing required environment variables: GOROOT
See the `Quirks` section of USAGE.md for info
--------------------------------

** 2018-06-27 22:35:00.149213 **:
MarGo: MarGo build failed
cmd: `['', 'build', '-tags', '', '-v', '-o', 'gosublime.margo_r18.05.19-1_go?.exe', 'gosublime/cmd/margo']`
stdout: `

`
stderr: `

`
exception: `Cannot find command `go``
--------------------------------

** 2018-06-27 22:35:00.186056 **:
MarGo: Missing required environment variables: GOROOT
See the `Quirks` section of USAGE.md for info
--------------------------------

** 2018-06-28 00:14:43.764464 **:
MarGo: MarGo build failed
cmd: `['', 'build', '-tags', '', '-v', '-o', 'gosublime.margo_r18.05.19-1_go?.exe', 'gosublime/cmd/margo']`
stdout: `

`
stderr: `

`
exception: `Cannot find command `go``
--------------------------------

** 2018-06-28 00:14:43.788594 **:
MarGo: Missing required environment variables: GOROOT
See the `Quirks` section of USAGE.md for info
--------------------------------

** 2018-06-28 21:40:21.567845 **:
MarGo: MarGo build failed
cmd: `['', 'build', '-tags', '', '-v', '-o', 'gosublime.margo_r18.05.19-1_go?.exe', 'gosublime/cmd/margo']`
stdout: `

`
stderr: `

`
exception: `Cannot find command `go``
--------------------------------

** 2018-06-28 21:40:21.590783 **:
MarGo: Missing required environment variables: GOROOT
See the `Quirks` section of USAGE.md for info
--------------------------------

** 2018-06-28 23:22:29.096152 **:
MarGo: MarGo build failed
cmd: `['', 'build', '-tags', '', '-v', '-o', 'gosublime.margo_r18.05.19-1_go?.exe', 'gosublime/cmd/margo']`
stdout: `

`
stderr: `

`
exception: `Cannot find command `go``
--------------------------------

** 2018-06-28 23:22:29.196883 **:
MarGo: Missing required environment variables: GOROOT
See the `Quirks` section of USAGE.md for info
--------------------------------

** 2018-06-30 00:01:03.827187 **:
MarGo: MarGo build failed
cmd: `['', 'build', '-tags', '', '-v', '-o', 'gosublime.margo_r18.05.19-1_go?.exe', 'gosublime/cmd/margo']`
stdout: `

`
stderr: `

`
exception: `Cannot find command `go``
--------------------------------

** 2018-06-30 00:01:04.005166 **:
MarGo: Missing required environment variables: GOROOT
See the `Quirks` section of USAGE.md for info
--------------------------------

** 2018-07-01 15:32:20.795293 **:
MarGo: MarGo build failed
cmd: `['', 'build', '-tags', '', '-v', '-o', 'gosublime.margo_r18.05.19-1_go?.exe', 'gosublime/cmd/margo']`
stdout: `

`
stderr: `

`
exception: `Cannot find command `go``
--------------------------------

** 2018-07-01 15:32:20.848150 **:
MarGo: Missing required environment variables: GOROOT
See the `Quirks` section of USAGE.md for info
--------------------------------

** 2018-07-02 10:33:04.073971 **:
MarGo: MarGo build failed
cmd: `['', 'build', '-tags', '', '-v', '-o', 'gosublime.margo_r18.05.19-1_go?.exe', 'gosublime/cmd/margo']`
stdout: `

`
stderr: `

`
exception: `Cannot find command `go``
--------------------------------

** 2018-07-02 10:33:04.132531 **:
MarGo: Missing required environment variables: GOROOT
See the `Quirks` section of USAGE.md for info
--------------------------------

** 2018-07-03 14:25:50.766404 **:
MarGo: MarGo build failed
cmd: `['', 'build', '-tags', '', '-v', '-o', 'gosublime.margo_r18.05.19-1_go?.exe', 'gosublime/cmd/margo']`
stdout: `

`
stderr: `

`
exception: `Cannot find command `go``
--------------------------------

** 2018-07-03 14:25:50.895311 **:
MarGo: Missing required environment variables: GOROOT
See the `Quirks` section of USAGE.md for info
--------------------------------

** 2018-07-07 11:34:19.163404 **:
MarGo: MarGo build failed
cmd: `['', 'build', '-tags', '', '-v', '-o', 'gosublime.margo_r18.05.19-1_go?.exe', 'gosublime/cmd/margo']`
stdout: `

`
stderr: `

`
exception: `Cannot find command `go``
--------------------------------

** 2018-07-07 11:34:19.237580 **:
MarGo: Missing required environment variables: GOROOT
See the `Quirks` section of USAGE.md for info
--------------------------------

** 2018-07-07 13:47:39.753264 **:
MarGo: MarGo build failed
cmd: `['', 'build', '-tags', '', '-v', '-o', 'gosublime.margo_r18.05.19-1_go?.exe', 'gosublime/cmd/margo']`
stdout: `

`
stderr: `

`
exception: `Cannot find command `go``
--------------------------------

** 2018-07-07 13:47:39.772785 **:
MarGo: Missing required environment variables: GOROOT
See the `Quirks` section of USAGE.md for info
--------------------------------

** 2018-07-09 00:02:00.794994 **:
MarGo: MarGo build failed
cmd: `['', 'build', '-tags', '', '-v', '-o', 'gosublime.margo_r18.05.19-1_go?.exe', 'gosublime/cmd/margo']`
stdout: `

`
stderr: `

`
exception: `Cannot find command `go``
--------------------------------

** 2018-07-09 00:02:00.860591 **:
MarGo: Missing required environment variables: GOROOT
See the `Quirks` section of USAGE.md for info
--------------------------------

** 2018-07-09 23:30:19.449231 **:
MarGo: MarGo build failed
cmd: `['', 'build', '-tags', '', '-v', '-o', 'gosublime.margo_r18.05.19-1_go?.exe', 'gosublime/cmd/margo']`
stdout: `

`
stderr: `

`
exception: `Cannot find command `go``
--------------------------------

** 2018-07-09 23:30:19.470704 **:
MarGo: Missing required environment variables: GOROOT
See the `Quirks` section of USAGE.md for info
--------------------------------

** 2018-07-10 02:08:48.136432 **:
MarGo: MarGo build failed
cmd: `['', 'build', '-tags', '', '-v', '-o', 'gosublime.margo_r18.05.19-1_go?.exe', 'gosublime/cmd/margo']`
stdout: `

`
stderr: `

`
exception: `Cannot find command `go``
--------------------------------

** 2018-07-10 02:08:48.227198 **:
MarGo: Missing required environment variables: GOROOT
See the `Quirks` section of USAGE.md for info
--------------------------------

** 2018-07-13 23:01:46.029719 **:
MarGo: MarGo build failed
cmd: `['', 'build', '-tags', '', '-v', '-o', 'gosublime.margo_r18.05.19-1_go?.exe', 'gosublime/cmd/margo']`
stdout: `

`
stderr: `

`
exception: `Cannot find command `go``
--------------------------------

** 2018-07-13 23:01:46.065629 **:
MarGo: Missing required environment variables: GOROOT
See the `Quirks` section of USAGE.md for info
--------------------------------

** 2018-07-18 20:53:11.613897 **:
MarGo: MarGo build failed
cmd: `['', 'build', '-tags', '', '-v', '-o', 'gosublime.margo_r18.05.19-1_go?.exe', 'gosublime/cmd/margo']`
stdout: `

`
stderr: `

`
exception: `Cannot find command `go``
--------------------------------

** 2018-07-18 20:53:11.723373 **:
MarGo: Missing required environment variables: GOROOT
See the `Quirks` section of USAGE.md for info
--------------------------------

** 2018-07-22 22:19:44.966923 **:
MarGo: MarGo build failed
cmd: `['', 'build', '-tags', '', '-v', '-o', 'gosublime.margo_r18.05.19-1_go?.exe', 'gosublime/cmd/margo']`
stdout: `

`
stderr: `

`
exception: `Cannot find command `go``
--------------------------------

** 2018-07-22 22:19:45.034866 **:
MarGo: Missing required environment variables: GOROOT
See the `Quirks` section of USAGE.md for info
--------------------------------

** 2018-07-22 22:21:20.653475 **:
MarGo: MarGo build failed
cmd: `['', 'build', '-tags', '', '-v', '-o', 'gosublime.margo_r18.05.19-1_go?.exe', 'gosublime/cmd/margo']`
stdout: `

`
stderr: `

`
exception: `Cannot find command `go``
--------------------------------

** 2018-07-22 22:21:20.679888 **:
MarGo: Missing required environment variables: GOROOT
See the `Quirks` section of USAGE.md for info
--------------------------------

** 2018-07-22 22:25:08.970729 **:
MarGo: MarGo build failed
cmd: `['', 'build', '-tags', '', '-v', '-o', 'gosublime.margo_r18.05.19-1_go?.exe', 'gosublime/cmd/margo']`
stdout: `

`
stderr: `

`
exception: `Cannot find command `go``
--------------------------------

** 2018-07-22 22:25:08.994161 **:
MarGo: Missing required environment variables: GOROOT
See the `Quirks` section of USAGE.md for info
--------------------------------

** 2018-07-22 22:35:54.577373 **:
MarGo: MarGo build failed
cmd: `['', 'build', '-tags', '', '-v', '-o', 'gosublime.margo_r18.05.19-1_go?.exe', 'gosublime/cmd/margo']`
stdout: `

`
stderr: `

`
exception: `Cannot find command `go``
--------------------------------

** 2018-07-22 22:35:54.591336 **:
MarGo: Missing required environment variables: GOROOT
See the `Quirks` section of USAGE.md for info
--------------------------------
